2022-05-23 11:54:33,530 - feature_processing_logger - INFO - Finished function [mean_resample] on [('ECG',)] in [0.5210990905761719 seconds]!
2022-05-23 11:54:33,698 - feature_processing_logger - INFO - Finished function [mean_resample] on [('ECG',)] in [0.16780519485473633 seconds]!
2022-05-23 11:54:35,910 - feature_processing_logger - INFO - Finished function [scipy_downsample] on [('ECG',)] in [2.2112553119659424 seconds]!
2022-05-23 11:54:36,925 - feature_processing_logger - INFO - Finished function [scipy_downsample] on [('ECG',)] in [1.014280080795288 seconds]!
2022-05-23 11:54:38,293 - feature_processing_logger - INFO - Finished function [clean_raw_ecg] on [('ECG',)] in [1.367748737335205 seconds]!
2022-05-23 11:54:38,716 - feature_processing_logger - INFO - Finished function [clean_raw_ecg] on [('ECG_mean_500Hz',)] in [0.4232015609741211 seconds]!
2022-05-23 11:54:38,876 - feature_processing_logger - INFO - Finished function [clean_raw_ecg] on [('ECG_mean_200Hz',)] in [0.15919923782348633 seconds]!
2022-05-23 11:54:39,283 - feature_processing_logger - INFO - Finished function [clean_raw_ecg] on [('ECG_scipy_500Hz',)] in [0.4068596363067627 seconds]!
2022-05-23 11:54:39,415 - feature_processing_logger - INFO - Finished function [clean_raw_ecg] on [('ECG_scipy_200Hz',)] in [0.13116455078125 seconds]!
2022-05-23 11:54:40,447 - feature_processing_logger - INFO - Finished function [compute_ecg_sqi] on [('ECG',)] in [1.0320611000061035 seconds]!
2022-05-23 11:54:41,062 - feature_processing_logger - INFO - Finished function [find_peaks] on [('ECG',)] in [0.6153819561004639 seconds]!
2022-05-23 11:54:44,057 - feature_processing_logger - INFO - Finished function [find_peaks] on [('ECG_cleaned_biosppy',)] in [2.994605302810669 seconds]!
2022-05-23 11:54:44,780 - feature_processing_logger - INFO - Finished function [find_peaks] on [('ECG_cleaned_biosppy',)] in [0.7222466468811035 seconds]!
2022-05-23 11:54:45,230 - feature_processing_logger - INFO - Finished function [find_peaks] on [('ECG_mean_200Hz',)] in [0.4499385356903076 seconds]!
2022-05-23 11:54:45,633 - feature_processing_logger - INFO - Finished function [find_peaks] on [('ECG_scipy_200Hz_cleaned_biosppy',)] in [0.40324950218200684 seconds]!
2022-05-23 11:54:46,066 - feature_processing_logger - INFO - Finished function [find_peaks] on [('ECG_mean_200Hz_cleaned_biosppy',)] in [0.4324371814727783 seconds]!
2022-05-23 11:54:48,443 - feature_processing_logger - INFO - Finished function [find_peaks] on [('ECG_scipy_500Hz',)] in [2.3769309520721436 seconds]!
2022-05-23 11:54:48,919 - feature_processing_logger - INFO - Finished function [find_peaks] on [('ECG_mean_500Hz',)] in [0.4758749008178711 seconds]!
2022-05-23 11:54:51,916 - feature_processing_logger - INFO - Finished function [find_peaks] on [('ECG_scipy_500Hz_cleaned_biosppy',)] in [2.9969894886016846 seconds]!
2022-05-23 11:54:52,414 - feature_processing_logger - INFO - Finished function [find_peaks] on [('ECG_mean_500Hz_cleaned_biosppy',)] in [0.49759626388549805 seconds]!
2022-05-23 11:54:52,458 - feature_processing_logger - INFO - Finished function [filter_peaks] on [('ECG_R_Peaks_ECG_neurokit',), ('ECG_R_Peaks_ECG_cleaned_biosppy_martinez',), ('ECG_R_Peaks_ECG_cleaned_biosppy_neurokit',), ('ECG_R_Peaks_ECG_mean_200Hz_neurokit',), ('ECG_R_Peaks_ECG_scipy_200Hz_cleaned_biosppy_neurokit',), ('ECG_R_Peaks_ECG_mean_200Hz_cleaned_biosppy_neurokit',), ('ECG_R_Peaks_ECG_scipy_500Hz_martinez',), ('ECG_R_Peaks_ECG_mean_500Hz_neurokit',), ('ECG_R_Peaks_ECG_scipy_500Hz_cleaned_biosppy_martinez',), ('ECG_R_Peaks_ECG_mean_500Hz_cleaned_biosppy_neurokit',)] in [0.043596506118774414 seconds]!
2022-05-23 11:54:52,698 - feature_processing_logger - INFO - Finished function [merge_ecg_r_peaks_series] on [('ECG_R_Peaks_ECG_neurokit', 'ECG_R_Peaks_ECG_cleaned_biosppy_martinez', 'ECG_R_Peaks_ECG_cleaned_biosppy_neurokit', 'ECG_R_Peaks_ECG_mean_200Hz_neurokit', 'ECG_R_Peaks_ECG_scipy_200Hz_cleaned_biosppy_neurokit', 'ECG_R_Peaks_ECG_mean_200Hz_cleaned_biosppy_neurokit', 'ECG_R_Peaks_ECG_scipy_500Hz_martinez', 'ECG_R_Peaks_ECG_mean_500Hz_neurokit', 'ECG_R_Peaks_ECG_scipy_500Hz_cleaned_biosppy_martinez', 'ECG_R_Peaks_ECG_mean_500Hz_cleaned_biosppy_neurokit', 'ECG_R_Peaks_ECG_neurokit_threshold', 'ECG_R_Peaks_ECG_cleaned_biosppy_martinez_threshold', 'ECG_R_Peaks_ECG_cleaned_biosppy_neurokit_threshold', 'ECG_R_Peaks_ECG_mean_200Hz_neurokit_threshold', 'ECG_R_Peaks_ECG_scipy_200Hz_cleaned_biosppy_neurokit_threshold', 'ECG_R_Peaks_ECG_mean_200Hz_cleaned_biosppy_neurokit_threshold', 'ECG_R_Peaks_ECG_scipy_500Hz_martinez_threshold', 'ECG_R_Peaks_ECG_mean_500Hz_neurokit_threshold', 'ECG_R_Peaks_ECG_scipy_500Hz_cleaned_biosppy_martinez_threshold', 'ECG_R_Peaks_ECG_mean_500Hz_cleaned_biosppy_neurokit_threshold')] in [0.23999238014221191 seconds]!
2022-05-23 11:54:52,701 - feature_processing_logger - INFO - Finished function [process_r_peak_agreement] on [('r_peak_agreement', 'ECG_quality_mask')] in [0.0022215843200683594 seconds]!
